{
  "RSpec": {
    "coverage": {
      "/home/mario/pruebas_tecnicas/vitawallet/bitcoin_wallet/config/environment.rb": {
        "lines": [
          null,
          1,
          null,
          null,
          1
        ]
      },
      "/home/mario/pruebas_tecnicas/vitawallet/bitcoin_wallet/config/application.rb": {
        "lines": [
          1,
          null,
          1,
          null,
          1,
          1,
          1,
          1,
          1,
          1,
          1,
          1,
          1,
          1,
          null,
          null,
          null,
          null,
          1,
          null,
          1,
          1,
          null,
          1,
          null,
          null,
          null,
          null,
          1,
          null,
          null,
          null,
          null,
          null,
          null,
          null,
          null,
          null,
          null,
          null,
          null,
          1,
          null,
          null
        ]
      },
      "/home/mario/pruebas_tecnicas/vitawallet/bitcoin_wallet/config/boot.rb": {
        "lines": [
          1,
          null,
          1,
          1
        ]
      },
      "/home/mario/pruebas_tecnicas/vitawallet/bitcoin_wallet/config/environments/test.rb": {
        "lines": [
          null,
          null,
          null,
          null,
          null,
          1,
          null,
          null,
          null,
          1,
          null,
          null,
          null,
          null,
          null,
          1,
          null,
          null,
          1,
          null,
          null,
          1,
          1,
          null,
          null,
          1,
          null,
          null,
          1,
          null,
          null,
          1,
          null,
          null,
          null,
          null,
          1,
          null,
          null,
          1,
          null,
          null,
          1,
          null,
          null,
          null,
          null,
          null,
          null,
          null,
          null,
          1,
          null
        ]
      },
      "/home/mario/pruebas_tecnicas/vitawallet/bitcoin_wallet/config/initializers/cors.rb": {
        "lines": [
          null,
          null,
          null,
          null,
          null,
          null,
          null,
          1,
          1,
          1,
          null,
          1,
          null,
          null,
          null,
          null
        ]
      },
      "/home/mario/pruebas_tecnicas/vitawallet/bitcoin_wallet/config/initializers/filter_parameter_logging.rb": {
        "lines": [
          null,
          null,
          null,
          null,
          null,
          1,
          null,
          null
        ]
      },
      "/home/mario/pruebas_tecnicas/vitawallet/bitcoin_wallet/config/initializers/inflections.rb": {
        "lines": [
          null,
          null,
          null,
          null,
          null,
          null,
          null,
          null,
          null,
          null,
          null,
          null,
          null,
          null,
          null,
          null
        ]
      },
      "/home/mario/pruebas_tecnicas/vitawallet/bitcoin_wallet/config/initializers/rswag_api.rb": {
        "lines": [
          1,
          null,
          null,
          null,
          null,
          null,
          1,
          null,
          null,
          null,
          null,
          null,
          null,
          null
        ]
      },
      "/home/mario/pruebas_tecnicas/vitawallet/bitcoin_wallet/config/initializers/rswag_ui.rb": {
        "lines": [
          1,
          null,
          null,
          null,
          null,
          null,
          null,
          null,
          null,
          null,
          1,
          null,
          null,
          null,
          null,
          null
        ]
      },
      "/home/mario/pruebas_tecnicas/vitawallet/bitcoin_wallet/spec/factories/transactions.rb": {
        "lines": [
          1,
          1,
          1,
          5,
          5,
          5,
          5,
          5,
          5,
          null,
          null,
          1,
          1,
          null,
          null,
          1,
          1,
          null,
          null
        ]
      },
      "/home/mario/pruebas_tecnicas/vitawallet/bitcoin_wallet/spec/factories/users.rb": {
        "lines": [
          1,
          1,
          20,
          14,
          14,
          null,
          null,
          1,
          4,
          4,
          null,
          null
        ]
      },
      "/home/mario/pruebas_tecnicas/vitawallet/bitcoin_wallet/app/models/transaction.rb": {
        "lines": [
          1,
          1,
          null,
          1,
          1,
          1,
          1,
          1,
          1,
          null,
          1,
          null
        ]
      },
      "/home/mario/pruebas_tecnicas/vitawallet/bitcoin_wallet/app/models/application_record.rb": {
        "lines": [
          1,
          1,
          null
        ]
      },
      "/home/mario/pruebas_tecnicas/vitawallet/bitcoin_wallet/spec/models/user_spec.rb": {
        "lines": [
          1,
          null,
          1,
          2,
          2,
          2,
          null,
          2,
          null,
          2,
          2,
          null
        ]
      },
      "/home/mario/pruebas_tecnicas/vitawallet/bitcoin_wallet/app/models/user.rb": {
        "lines": [
          1,
          1,
          1,
          1,
          null,
          1,
          null
        ]
      },
      "/home/mario/pruebas_tecnicas/vitawallet/bitcoin_wallet/spec/requests/currencies_spec.rb": {
        "lines": [
          1,
          null,
          1,
          1,
          1,
          1,
          1,
          1,
          1,
          null,
          1,
          1,
          1,
          1,
          null,
          null,
          null,
          null
        ]
      },
      "/home/mario/pruebas_tecnicas/vitawallet/bitcoin_wallet/spec/swagger_helper.rb": {
        "lines": [
          null,
          null,
          1,
          null,
          1,
          null,
          null,
          null,
          1,
          null,
          null,
          null,
          null,
          null,
          null,
          null,
          1,
          null,
          null,
          null,
          null,
          null,
          null,
          null,
          null,
          null,
          null,
          null,
          null,
          null,
          null,
          1,
          null
        ]
      },
      "/home/mario/pruebas_tecnicas/vitawallet/bitcoin_wallet/spec/requests/transactions_spec.rb": {
        "lines": [
          1,
          null,
          1,
          6,
          null,
          1,
          1,
          null,
          1,
          1,
          1,
          1,
          null,
          null,
          null,
          null,
          null,
          null,
          null,
          null,
          null,
          1,
          2,
          1,
          null,
          1,
          null,
          null,
          null,
          null,
          null,
          1,
          1,
          null,
          null,
          1,
          1,
          1,
          1,
          1,
          1,
          1,
          null,
          null,
          null,
          1,
          2,
          1,
          null,
          1,
          null,
          null,
          null,
          null,
          null,
          1,
          null,
          null,
          null,
          null,
          1,
          1,
          1,
          null,
          1,
          1,
          1,
          2,
          2,
          2,
          1,
          null,
          null,
          1,
          2,
          2,
          1,
          null,
          null,
          null,
          null,
          1,
          1,
          null,
          1,
          1,
          1,
          2,
          2,
          1,
          null,
          null,
          null,
          null
        ]
      },
      "/home/mario/pruebas_tecnicas/vitawallet/bitcoin_wallet/spec/services/coingecko/fetch_price_spec.rb": {
        "lines": [
          1,
          null,
          1,
          1,
          1,
          1,
          1,
          1,
          null,
          null
        ]
      },
      "/home/mario/pruebas_tecnicas/vitawallet/bitcoin_wallet/app/services/coingecko/fetch_price.rb": {
        "lines": [
          1,
          1,
          1,
          null,
          null,
          1,
          null,
          null,
          null,
          1,
          1,
          1,
          null,
          null,
          null,
          1,
          1,
          1,
          null,
          null
        ]
      },
      "/home/mario/pruebas_tecnicas/vitawallet/bitcoin_wallet/spec/services/transactions/calculate_amount_to_spec.rb": {
        "lines": [
          1,
          null,
          1,
          4,
          null,
          1,
          1,
          1,
          null,
          null,
          1,
          1,
          1,
          null,
          null,
          1,
          1,
          1,
          null,
          null
        ]
      },
      "/home/mario/pruebas_tecnicas/vitawallet/bitcoin_wallet/app/services/transactions/calculate_amount_to.rb": {
        "lines": [
          1,
          1,
          1,
          6,
          6,
          6,
          6,
          null,
          null,
          1,
          6,
          null,
          3,
          null,
          2,
          null,
          1,
          null,
          null,
          null
        ]
      },
      "/home/mario/pruebas_tecnicas/vitawallet/bitcoin_wallet/spec/services/transactions/create_transaction_spec.rb": {
        "lines": [
          1,
          null,
          1,
          1,
          5,
          null,
          1,
          4,
          null,
          null,
          1,
          2,
          2,
          null,
          1,
          1,
          1,
          2,
          2,
          null,
          null,
          null,
          1,
          2,
          2,
          null,
          1,
          1,
          1,
          2,
          2,
          null,
          null,
          null,
          1,
          2,
          2,
          null,
          1,
          1,
          1,
          null,
          null,
          null,
          null,
          1,
          2,
          2,
          null,
          1,
          1,
          1,
          null,
          null,
          null,
          null,
          null
        ]
      },
      "/home/mario/pruebas_tecnicas/vitawallet/bitcoin_wallet/app/services/transactions/create_transaction.rb": {
        "lines": [
          1,
          1,
          1,
          null,
          null,
          1,
          null,
          null,
          null,
          null,
          null,
          null,
          1,
          6,
          6,
          6,
          6,
          null,
          null,
          null,
          1,
          6,
          3,
          3,
          3,
          null,
          3,
          3,
          3,
          null,
          null,
          3,
          null,
          3,
          3,
          null,
          null,
          1,
          null,
          1,
          6,
          null,
          null,
          null,
          null,
          null,
          null,
          null,
          null,
          1,
          3,
          null,
          null,
          null,
          1,
          3,
          null,
          null,
          null,
          null,
          null,
          null,
          null,
          null,
          1,
          3,
          null,
          null,
          null,
          null,
          null,
          1,
          3,
          null,
          null,
          null,
          null,
          null,
          null,
          null,
          null,
          1,
          3,
          null,
          null,
          null,
          null,
          null,
          null,
          null,
          null,
          null,
          null
        ]
      },
      "/home/mario/pruebas_tecnicas/vitawallet/bitcoin_wallet/spec/services/transactions/update_user_balance_spec.rb": {
        "lines": [
          1,
          null,
          1,
          4,
          null,
          1,
          1,
          1,
          2,
          2,
          null,
          null,
          1,
          1,
          1,
          2,
          2,
          null,
          null,
          1,
          1,
          1,
          null,
          null
        ]
      },
      "/home/mario/pruebas_tecnicas/vitawallet/bitcoin_wallet/app/services/transactions/update_user_balance.rb": {
        "lines": [
          1,
          1,
          1,
          6,
          6,
          6,
          6,
          6,
          null,
          null,
          1,
          6,
          null,
          3,
          null,
          null,
          null,
          null,
          2,
          null,
          null,
          null,
          null,
          1,
          null,
          null,
          null
        ]
      },
      "/home/mario/pruebas_tecnicas/vitawallet/bitcoin_wallet/spec/services/transactions/validate_transaction_spec.rb": {
        "lines": [
          1,
          null,
          1,
          6,
          null,
          1,
          1,
          1,
          1,
          null,
          null,
          null,
          1,
          1,
          1,
          null,
          null,
          null,
          null,
          1,
          1,
          1,
          1,
          null,
          null,
          null,
          null,
          1,
          3,
          null,
          1,
          1,
          1,
          null,
          null,
          null,
          1,
          1,
          1,
          null,
          null,
          null,
          null,
          1,
          1,
          1,
          1,
          null,
          null,
          null,
          1,
          1,
          1,
          null,
          null,
          null
        ]
      },
      "/home/mario/pruebas_tecnicas/vitawallet/bitcoin_wallet/app/services/transactions/validate_transaction.rb": {
        "lines": [
          1,
          1,
          1,
          null,
          1,
          13,
          13,
          13,
          13,
          null,
          null,
          1,
          13,
          10,
          null,
          null,
          1,
          null,
          1,
          13,
          3,
          null,
          null,
          null,
          1,
          10,
          10,
          null,
          6,
          null,
          4,
          null,
          null,
          null,
          1,
          3,
          null,
          null,
          1,
          3,
          null,
          null
        ]
      },
      "/home/mario/pruebas_tecnicas/vitawallet/bitcoin_wallet/config/routes.rb": {
        "lines": [
          1,
          1,
          1,
          1,
          null,
          1,
          1,
          1,
          1,
          null,
          1,
          null,
          null,
          null
        ]
      },
      "/home/mario/pruebas_tecnicas/vitawallet/bitcoin_wallet/app/controllers/api/v1/currencies_controller.rb": {
        "lines": [
          1,
          1,
          null,
          1,
          1,
          1,
          null,
          null
        ]
      },
      "/home/mario/pruebas_tecnicas/vitawallet/bitcoin_wallet/app/controllers/application_controller.rb": {
        "lines": [
          1,
          null
        ]
      },
      "/home/mario/pruebas_tecnicas/vitawallet/bitcoin_wallet/app/controllers/api/v1/transactions_controller.rb": {
        "lines": [
          1,
          1,
          null,
          1,
          1,
          1,
          null,
          null,
          1,
          2,
          1,
          null,
          null,
          1,
          2,
          1,
          null,
          1,
          null,
          null,
          1,
          null,
          1,
          1,
          null,
          null,
          1,
          2,
          null,
          null,
          1,
          2,
          null,
          null,
          null
        ]
      },
      "/home/mario/pruebas_tecnicas/vitawallet/bitcoin_wallet/app/services/transactions/get_transaction.rb": {
        "lines": [
          1,
          1,
          1,
          null,
          1,
          2,
          2,
          null,
          null,
          1,
          2,
          1,
          1,
          null,
          null,
          null
        ]
      },
      "/home/mario/pruebas_tecnicas/vitawallet/bitcoin_wallet/app/services/transactions/index_transactions.rb": {
        "lines": [
          1,
          1,
          1,
          null,
          1,
          1,
          null,
          null,
          1,
          1,
          null,
          null
        ]
      }
    },
    "timestamp": 1749916807
  }
}
